<?xml version="1.0" encoding="UTF-8"?>
<!-- Generated by org.testng.reporters.JUnitReportReporter -->
<testsuite hostname="DESKTOP-M4BKT23" failures="0" tests="1" name="Npack.Test23" time="23.260" errors="0" timestamp="2023-02-20T10:54:42 WAT" skipped="0">
  <testcase classname="Npack.Test23" name="test23" time="23.260"/>
  <system-out/>
</testsuite> <!-- Npack.Test23 -->
