<?xml version="1.0" encoding="UTF-8"?>
<!-- Generated by org.testng.reporters.JUnitReportReporter -->
<testsuite hostname="DESKTOP-M4BKT23" failures="0" tests="3" name="Npack.NewTest2" time="199.772" errors="0" timestamp="2023-03-11T08:55:17 WAT" skipped="0">
  <testcase classname="Npack.NewTest2" name="Test3" time="99.608"/>
  <system-out/>
  <testcase classname="Npack.NewTest2" name="Test4" time="15.809"/>
  <system-out/>
  <testcase classname="Npack.NewTest2" name="Test2" time="84.355"/>
  <system-out/>
</testsuite> <!-- Npack.NewTest2 -->
